108c.cf57.9a40
f40f.1b5e.7801
f40f.1b71.b901
108c.cf57.9a40
0025.3656.6df9
f430.b924.2926
0007.4d41.6302
0007.4d4f.0714
0007.4d42.671a
0007.4d6b.9ab2
f430.b971.2eaf
3c52.8228.5760
0007.4d6d.e067
0007.4d6b.9afa
0007.4d4c.07fc
0007.4d4e.0a9c
0007.4d68.b9be
3c52.82c1.6b0a
0007.4d4f.060a
0007.4d4c.07d5
0007.4d4c.0a84
0007.4d69.5e68
0007.4d6f.201a
0007.4d69.5ba9
0007.4d4f.0359
f430.b971.4519
f430.b971.4522
0007.4d39.165e
0007.4d4e.0ab9
0007.4d7a.6196
0007.4d6c.9874
0007.4d66.568c
0007.4d66.598f
0007.4d66.5904
0007.4d67.fde2
0007.4d4f.0802
0007.4d68.f1d1
0007.4d68.db60
0007.4d4e.394e
0007.4d66.59bd
0021.b7d8.b62b
0007.4d4c.0011
f430.b971.454e
f430.b971.2e65
0007.4d45.8254
3c52.82bc.50e8
f430.b970.8a8f
0007.4d4e.3946
3c52.82bc.50f0
0007.4d4e.0a42
0007.4d4c.07d6
0007.4d4f.03ad
0007.4d3b.4a07
0007.4d66.59ad
0007.4d4f.03a2
0007.4d4e.4783
0007.4d6c.8fd3
0007.4d4f.0244
0007.4d4c.0791
0007.4d46.70b9
0007.4d68.f0ee
0007.4d4c.011d
0007.4d4f.0791
0007.4d38.7aeb
0007.4d42.6626
0007.4d4e.3633
0007.4d48.4731
0007.4d68.b6fc
0007.4d4b.7557
0007.4d6f.2353
0007.4d68.b99e
0007.4d4e.3c0b
0007.4d6b.9b5a
0007.4d6b.9b22
0007.4d66.568a
0007.4d4e.3d5f
0007.4d4c.0706
0007.4d4b.fffc
0007.4d4e.3950
0007.4d37.b0e1
0007.4d37.b0fa
0007.4d37.b093
0007.4d37.fcb3
0007.4d3d.a956
0007.4d68.b181
0007.4d4c.07f8
0007.4d3b.4ae0
0007.4d37.b17e
0007.4d4f.06f8
0007.4d4e.3d66
0007.4d39.4726
0007.4d7a.43e0
0007.4d68.f2e1
0007.4d68.b940
0007.4d68.b95f
0007.4d48.9a1e
0007.4d42.674e
0007.4d46.9973
0007.4d68.b993
0007.4d3c.3e75
0007.4d69.3bcb
0007.4d39.4718
0007.4d46.989e
0007.4d46.70cb
0007.4d46.a0c5
0007.4d68.f2ba
0007.4d37.fbac
0007.4d68.b989
0007.4d68.b1b7
0007.4d69.5e21
0007.4d42.6748
0007.4d6f.1fc7
0007.4d69.5dd4
0007.4d68.b97a
0007.4d6d.e190
0007.4d3c.ae30
0007.4d4f.0811
0007.4d4f.0626
0007.4d4c.0ac0
0007.4d4e.38f7
0007.4d45.d999
3c52.82c1.6b13
0007.4d48.7982
0007.4d4f.051a
0007.4d46.01d6
0007.4d3c.333d
0007.4d48.9bb7
0007.4d4b.47f1
0007.4d68.c190
0007.4d46.9961
0007.4d4f.05de
0007.4d46.000d
0007.4d3b.4a4d
0007.4d69.57a8
0007.4d4e.3d45
0007.4d4b.769e
f430.b970.aa3f
3c52.82bc.50f6
f430.b971.4541
3c52.82bf.1774
98e7.f4a3.b35d
3c52.82c0.382b
f430.b971.2e64
f430.b971.1e52
f430.b971.2e7a
f430.b971.1e53
f430.b924.e18e
ec8e.b520.4ab1
f430.b970.aa08
0007.4d39.4733
0007.4d38.6f57
0007.4d38.0c82
0007.4d3a.b84f
0007.4d46.e5e8
001b.78f3.a4fc
0007.4d3c.ae47
0007.4d45.749f
0007.4d45.1e5c
f430.b971.452b
0007.4d45.901d
0007.4d4f.0789
0007.4d4b.484d
0007.4d4c.00d5
40b0.3422.2aba
30e1.713b.08d1
f430.b971.4513
3c52.8228.474d
f430.b971.451c
f430.b970.aa22
f430.b971.4536
3c52.82bc.e0ab
f430.b970.8ad8
f430.b924.f13b
0007.4d4b.7815
001b.78f7.2400
f430.b970.8ac6
40b0.34a3.a2e5
0025.3656.484d
a45d.3663.5507
f4ce.463d.80d9
f430.b971.453c
f430.b924.293c
f430.b970.8a8d
0007.4d39.1357
d485.641a.318b
0007.4d39.1574
0007.4d31.02de
0007.4d49.7c7f
0007.4d4f.037c
0011.0af2.6854
40b0.3422.cac2
001b.78f7.4427
f430.b970.ba1c
0007.4d46.70a0
3c52.82c1.7075
3c52.82c1.60d1
3c52.82bc.50f9
3c52.8226.7740
f430.b924.09a3
0007.4d37.b0b8
0001.e6b1.3827
0007.4d45.8b3e
001b.78ee.8e72
0007.4d69.5e73
f430.b970.aa07
fc3f.dbbc.24f3
0007.4d49.edff
0007.4d66.5a20
0007.4d4f.0701
0007.4d3d.a9ac
0007.4d6b.9b95
0007.4d6e.9a31
0007.4d69.612e
0007.4d68.b949
0007.4d68.bf8e
0007.4d66.59a3
0007.4d68.b5fe
0007.4d6e.99ff
0007.4d6d.e05b
0007.4d6f.2383
0007.4d6e.99f5
0007.4d71.4a4c
0007.4d71.4b1f
0007.4d71.48d3
0007.4d6c.9cd3
0007.4d68.b771
0007.4d6e.9a0a
0007.4d68.b765
0007.4d68.b75a
0007.4d6b.916c
0080.9271.cca6
f430.b971.452f
f430.b971.1e93
0007.4d46.a0f6
705a.0faa.2067
f430.b970.aa1a
0007.4d45.8acc
0007.4d4c.00f2
f430.b9f1.3ce2
f430.b9f1.bc72
f430.b971.3e2a
f430.b971.2e4c
f430.b971.2eeb
f430.b971.2eef
f430.b971.2e3a
f430.b971.1e39
f430.b970.ba1a
3c52.8226.7d24
0007.4d7a.61fb
3c52.8227.dbb0
f430.b971.452c
3c52.82c0.982e
3c52.82c0.88f2
f430.b925.9155
f430.b970.aa19
3c52.8227.db93
f430.b924.2941
f430.b971.453b
f430.b924.a963
3c52.82c0.88f4
3c52.82bc.50ea
3c52.82c0.9800
3c52.8228.478e
3c52.82c0.986e
f430.b971.1e83
f430.b971.2e1b
f430.b971.1e59
0004.1330.46db
1078.d2c0.5fc7
28d2.446a.c46b
4ccc.6a50.cd6d
f80f.412a.f75f
7020.8400.2a43
c89c.dc32.017c
38ea.a75e.be0f
54e1.ad6e.5eed
8c89.a578.0f44
4ccc.6ac6.b231
108c.cf57.9a40
108c.cf57.9a40
0050.5681.1b3e
0050.5681.2fa3
0050.5681.1167
0050.5681.6f86
0050.5681.123a
0050.5681.0fb1
0050.5681.0e84
0050.5681.09df
0050.5681.4f08
0050.5681.46e9
0050.5681.2ae5
0050.5681.5f15
0050.56a7.006f
0050.56a7.0067
0050.56a7.0062
0050.5681.1b7e
0050.5681.7984
0050.5681.62c5
0050.5681.78f7
0050.56a7.0082
0050.56a7.0085
0050.56a7.0094
0050.5681.213a
0050.5681.5a4a
108c.cf57.9a40
0050.56a7.00c1
0050.56af.44e1
0080.a335.2ff4
0050.56a7.00a5
001a.6479.54bc
a4ba.db38.129f
0020.4a8e.c5f0
c464.135a.d622
0009.6bf1.5478
0050.56a7.0039
0050.56a7.00c5
0050.56a7.00f1
0050.5681.04d6
0050.56a7.00c2
0050.56a7.008c
1803.73ed.d08c
0050.56a7.004f
0050.56a7.008e
0050.5681.7af4
0050.5681.47a2
0050.56a7.0051
000d.6055.43a2
0050.56a7.0095
0050.56af.2ced
0050.56a7.00b1
0014.5e1b.8476
0050.5681.5368
0050.56a7.00af
0030.48c0.36b6
0050.56af.3d8e
0015.1783.b570
0015.1783.b571
1803.73ed.d095
0050.56a7.0020
0050.5681.7a00
0050.5681.772d
0050.56a7.0086
e41f.132c.088c
e41f.132c.078c
0030.8c1a.1c6e
0050.56a7.0099
0011.25a8.4484
0050.56a7.00e2
0050.56a7.004b
0014.5e7b.04a6
0050.56a7.00cd
000d.60f3.0ee0
0050.56a7.003f
0050.56a7.00ae
0050.56a7.0002
0014.5e1c.8902
0050.56a7.0012
0050.56a7.005d
0050.56a7.00be
0050.56a7.0057
0050.56a7.000a
0050.56a7.005b
0050.56a7.005a
0050.56af.17b8
a4ba.db2b.a38b
0050.56a7.0072
0050.5681.2f0a
0050.5681.4e91
0050.5681.5435
0050.5681.175d
0050.5681.1a15
0050.5681.3ad0
0050.5681.342e
0050.5681.6c0d
0050.5681.4f9f
0050.5681.1a02
0050.5681.40b8
0050.5681.5f45
0050.56a7.000d
000d.606f.3a10
0050.5681.581c
108c.cf57.9a40
108c.cf57.9a40
00c0.b754.47a7
00c0.b753.9e7a
00c0.b753.9fb0
00c0.b753.c439
00c0.b723.7ba3
108c.cf57.9a40
a036.9f25.ef30
108c.cf57.9a40
0016.c783.01ff
0016.c783.01bf
108c.cf57.9a40
0018.c800.2d6d
0018.c82d.cfde
0018.c800.3be0
0018.c800.3bdf
0018.c800.3223
0018.c82d.d9ef
0018.c800.3bde
0018.c800.3be7
0018.c800.3bf6
0018.c800.3bfb
0018.c800.3bf5
44a8.424a.2ce7
0018.c800.3bf3
0018.c82d.da00
0018.c800.3020
0018.c82d.e477
0018.c800.300e
0018.c800.3000
0018.c800.3bf8
0018.c82d.d9f5
0018.c82d.e489
0018.c800.3bf1
0018.c800.3c02
0018.c82d.d9dc
0018.c82d.da03
0018.c800.3bdb
0018.c82d.d9ea
0018.c82d.cfd0
0018.c800.3bfa
0018.c82d.d01d
0018.c82d.e488
0018.c82d.ebe3
0018.c82d.e487
0018.c82d.e476
0018.c82d.d9f8
0018.c800.2fc6
0018.c800.3005
0018.c82d.e48b
0018.c800.303b
0018.c82d.da1a
0018.c82d.d9da
0018.c82d.d9ff
0002.d135.8f0f
0002.d133.9bcd
0002.d10f.0d0b
0002.d124.d117
0002.d135.2587
0002.d126.5b36
0002.d14d.cf9e
0002.d135.07e0
0002.d135.07e1
0002.d135.07df
0002.d135.079b
0002.d135.07dd
0002.d135.07e4
0002.d135.0797
0002.d135.079a
0002.d135.07e6
0002.d135.07e2
0002.d135.079f
0002.d156.3371
0002.d135.07a0
0002.d135.0798
0002.d135.079d
0002.d135.07de
0002.d126.5b3a
0002.d135.2585
0002.d135.2583
0002.d11b.166e
0002.d135.25e6
0002.d135.25d1
0002.d131.7814
0002.d131.7813
0002.d131.7817
0002.d131.7815
0002.d131.7816
0002.d155.7db9
0002.d133.92bb
0018.c800.3bf7
0018.c82d.e491
0018.c82e.68c4
108c.cf57.9a40
108c.cf57.9a40
108c.cf57.9a40
a4ba.db3f.726d
a4ba.db3f.5e44
a4ba.db3f.6cdd
842b.2b66.1790
842b.2b45.f8fa
842b.2b45.f085
842b.2b66.55eb
842b.2b66.6a13
842b.2b66.64ce
842b.2b66.5483
848f.69ea.609c
90b1.1c47.cb6a
90b1.1c47.b4ae
bc30.5bdd.9b41
f01f.afe3.8175
a4ba.db3f.7275
a4ba.db3f.5e4c
a4ba.db3f.6ce5
842b.2b66.1798
842b.2b45.f902
842b.2b45.f08d
842b.2b66.55f3
842b.2b66.6a1b
842b.2b66.64d6
842b.2b66.548b
14fe.b5c8.5065
848f.69ea.60a4
5cf9.ddf1.73cf
5cf9.ddf1.73ab
44a8.424a.2ceb
7845.c4f3.e5fb
842b.2b66.2e49
782b.cb64.2bd3
a4ba.db3f.5e8b
a4ba.db2b.a393
00e0.8615.a7be
90b1.1c1c.8aaa
a036.9f25.ef30
108c.cf57.9a40
0090.0b38.1cc0
0020.4ae5.3511
0080.a335.1272
0080.a335.3177
0080.a335.1066
0080.a335.0e7d
0080.a335.34b7
0020.4a8e.5c80
0020.4a8e.c5f3
2c44.fd38.4780
90e2.ba27.677a
90e2.ba25.35aa
90e2.ba27.6b0a
90e2.ba24.88f3
90e2.ba24.8c29
90e2.ba25.33e7
90e2.ba25.33d4
a036.9f4a.6fb5
0020.4ad2.c944
0020.4ad2.df00
001b.216e.5feb
dc4a.3e6d.0913
8851.fb57.a55d
a036.9f25.ef30
108c.cf57.9a40
90fb.a605.a9c2
1078.d2fb.b0f7
0004.1330.689e
c85b.7686.9832
4487.fcca.fb06
c85b.76b7.66ec
c89c.dc31.b93e
1078.d2c4.03a9
0026.b9d1.43fb
a0b3.cc26.dd14
4437.e600.a66b
4487.fc6f.4127
1078.d2a5.732a
4487.fcc6.beda
c89c.dc31.b967
8c89.a590.c352
8c89.a5b9.4b48
0026.2d1c.f200
c89c.dc31.b8ce
90fb.a616.752d
101f.74ea.bbab
7020.8404.2bb4
90fb.a616.74ab
4487.fca4.0e9f
c89c.dce4.b734
1078.d2ac.8bc0
1078.d271.2f9c
6400.6a68.4964
90fb.a69d.6c69
4487.fcfd.0219
101f.74eb.9fb6
1078.d2f1.7469
c89c.dc3a.f10f
c89c.dce4.c638
4ccc.6ac6.b1df
90fb.a604.b549
1078.d2fb.af03
1078.d2ac.136a
38ea.a789.038f
8c89.a592.75c9
c89c.dc31.b7ae
1078.d2f0.7d8c
c89c.dc53.2376
4487.fccb.85ac
001b.2183.988b
001b.218d.f2b7
90fb.a616.7fbd
1078.d2fb.b106
1078.d2f4.d28a
c89c.dce4.b666
c89c.dc35.f453
1078.d2f0.82fb
1c66.6d91.be5a
1078.d276.723c
1078.d27e.708e
90fb.a61b.a9c1
f80f.416a.7963
108c.cf57.9a40
0050.5681.0163
108c.cf57.9a40
4437.e600.a10d
4487.fccb.3b13
90fb.a60f.35ce
90fb.a69e.3e62
c89c.dc33.70f7
4487.fcfd.01a0
1078.d2ec.d9ae
4487.fcd1.e684
90fb.a60f.4340
90fb.a605.aa9d
8c89.a538.d002
1078.d2f4.d1f5
f80f.4193.6104
c89c.dc22.4372
8c89.a538.d01c
c89c.dc31.b9b7
90fb.a605.50d8
4487.fc6f.4132
4437.e600.4643
0026.2d29.021d
8c89.a590.c38a
8c89.a590.c385
4487.fcca.f898
2c41.3816.1c32
c89c.dc36.07bd
1078.d2a5.7387
8c89.a578.0e15
90fb.a60c.a641
1c66.6d91.682c
90fb.a605.2ad5
90fb.a616.83e3
c89c.dc3c.bc72
1078.d2ac.124e
c89c.dc31.bac4
c89c.dce4.c64f
108c.cf57.9a40
4487.fccb.379d
c81f.66ac.bfce
4ccc.6a50.dff5
4ccc.6a50.cda1
4ccc.6a50.cd62
4ccc.6a50.cd92
4ccc.6a50.e59e
4ccc.6a50.cd7c
0001.6cda.a169
f80f.416c.bb2c
1078.d2f0.36f7
0023.2455.6fe4
f80f.4193.2e48
f80f.416c.00a7
f80f.415d.02d0
1078.d2aa.dd60
f80f.4160.d022
8c89.a5bc.a916
c89c.dc7d.c62f
f80f.4164.5231
90fb.a604.ec3c
f80f.412b.41d1
4ccc.6a50.cde5
c89c.dc3c.bcb2
8c89.a579.1d17
8c89.a592.287c
108c.cf57.9a40
54e1.ad11.2e9e
8c89.a538.d920
f80f.4187.be4c
1078.d2ac.1265
4487.fcfd.b976
c89c.dc31.baa5
90fb.a61b.339e
0026.2d17.ba9e
f80f.4169.34ee
4487.fcd0.fe85
d43d.7e3b.abcc
90fb.a616.7543
c89c.dc33.ca4e
d43d.7e3b.ab46
90fb.a61b.338d
90fb.a616.7568
f80f.416c.b8ed
c89c.dce7.a471
4487.fc6f.4014
f80f.4123.3506
f80f.4168.d333
90fb.a69d.69d1
108c.cf57.9a40
c89c.dc33.708a
c89c.dc35.14fa
8c89.a5bc.b581
0004.0d01.4dda
108c.cf57.9a40
24d9.213c.7327
0020.4ae2.9364
108c.cf57.9a40
0050.56af.40fe
0050.56a7.0031
0050.5681.4a1d
0050.5681.50eb
0050.5681.5c47
0030.48c6.8680
0050.56a7.00c7
0050.56a7.0074
9457.a58f.46c8
0050.56a7.00db
0050.56a7.003b
0050.56a7.00eb
0026.5533.6b00
0050.56af.6020
0050.56a7.0038
0050.56af.09b8
a036.9f25.ef30
108c.cf57.9a40
0050.5681.5583
0050.56a7.006d
0050.56a7.009f
0050.5681.35e6
f01f.afe3.8173
0010.184f.f61c
0050.56af.058a
0050.56af.4edf
0050.56af.540f
0050.5681.1e19
0050.5681.3797
a036.9f25.ef30
108c.cf57.9a40
8c89.a5bc.8f1f
54e1.ad6e.5d91
4ccc.6ac6.b341
1078.d2fb.b1d1
54e1.ad6e.59db
4437.e6a7.2611
c89c.dcfa.f7e8
4ccc.6ac6.b1fd
4ccc.6a16.ab19
8c89.a5b9.4bba
1078.d2ac.8c44
0000.0000.2501
4437.e600.a5b1
f80f.4193.6098
f80f.4194.777b
f80f.412f.08fa
f80f.416c.bc3a
d43d.7e14.0ef4
c89c.dc33.cb6c
2c59.e501.545e
f80f.416c.ba1d
f80f.416c.b8ec
f80f.416a.d814
4487.fcc3.6550
90fb.a616.840e
5c26.0a07.1946
f80f.4190.3806
90fb.a60c.cf11
8c89.a5bc.b8c9
90fb.a616.7ebc
d43d.7e1f.9219
f80f.418b.a289
8c89.a592.4cf2
108c.cf57.9a40
e411.5b3e.b96c
0000.5e00.0101
108c.cf57.9a40
0027.0428.e24f
ccef.4834.dc39
000f.d359.c2ef
000f.d359.c347
000f.d359.c313
6ca8.4989.032c
0016.3ec7.2245
00ca.fe90.7850
00ca.fe76.0775
0016.3e61.56af
00ca.fe15.2585
a425.1ba5.72a8
ccef.4834.dc39
ccef.4834.dc39
ccef.4834.dc39
ccef.4834.dc39
ccef.4834.dc39
c89c.dcfa.f833
1078.d2fb.b0e8
50cd.22b6.362a
50cd.22b5.d891
50cd.22b6.3661
50cd.22b5.d8a1
50cd.22b6.35a0
50cd.22b5.b2b9
50cd.22b6.365b
50cd.22b5.ac07
50cd.22b6.3631
50cd.22b5.4640
50cd.22b6.3691
50cd.22b3.04cb
50cd.22b5.abee
50cd.22b6.368f
50cd.22b5.ac09
50cd.22b5.abc0
4ccc.6ac6.b1c2
649e.f376.63a9
0004.0def.d8ec
50cd.22b5.ac4a
8c89.a579.1d5e
50cd.22b6.3622
50cd.22b5.abf8
50cd.22b5.abff
50cd.22b6.363d
50cd.22b5.abfa
50cd.22b5.d77b
50cd.22b6.3551
50cd.22b5.d8d3
50cd.22b6.3461
50cd.22b6.363a
50cd.22b5.ac5a
50cd.22b5.d8af
50cd.22b6.35b0
50cd.22b6.369c
50cd.22b5.44d1
50cd.22b6.3689
50cd.22b5.4666
50cd.22b6.368c
50cd.22b5.45f2
50cd.22b3.0673
0002.fdff.786f
50cd.22b3.0b0b
50cd.22b5.ac13
50cd.22b5.d8c4
50cd.22b6.368a
a036.9f25.ef30
108c.cf57.9a40
4ccc.6a50.cd78
782b.cbaf.48d8
f80f.416c.baa4
8c89.a539.f233
f80f.416a.791a
8c89.a539.f31a
4ccc.6a50.cdf0
4ccc.6a50.cdc3
4ccc.6a50.cd5e
ccef.485d.0349
108c.cf57.9a40
1078.d2fb.af98
0004.0d26.c81a
0004.0d9b.6ee6
507b.9ddd.4de1
0004.0d26.c836
0004.0d01.ed45
8c89.a5bc.b5d0
0004.0d01.cc28
1078.d2a9.d98c
0004.0d9e.0e35
507b.9dc0.ac6a
507b.9dea.c9f6
507b.9dc0.bbfa
507b.9dea.ca03
0004.0d28.ee4d
507b.9dc0.b4cc
0004.0d26.c823
4487.fcd1.e861
0004.0d01.ee1a
0004.0d28.cf77
0004.0d29.46e8
0004.0d9e.0e32
0004.0d9e.0e26
507b.9de9.e8ef
7081.053e.1592
507b.9de8.1ece
0004.0d9e.0e2a
507b.9dea.c9fd
0004.0d4d.6ccf
0004.0d9e.0dcb
0004.0d9e.0e27
507b.9dc1.f1da
0004.0d9e.0e2c
108c.cf57.9a40
108c.cf57.9a40
2816.ada1.9c71
9061.ae49.aecb
185e.0f71.4e09
9061.ae49.ce7e
e8b1.fc77.e147
1002.b5b4.78e1
14ab.c578.8c2d
9061.ae46.08a2
185e.0fad.0a70
1002.b538.71ba
9c4e.369e.bf74
9465.9cd6.31e3
1002.b5bd.029a
e4a7.a053.81d0
c4d9.8762.df8b
e4b3.18cb.6682
94b4.0fca.7618
1002.b538.711f
94b4.0fca.756a
94b4.0fca.7626
94b4.0fc6.61ae
5cc5.d442.f2ca
94b4.0fc6.61c4
7c7a.91c3.cfa3
94b4.0fc6.615e
94b4.0fc6.5ee4
e8b1.fc13.4ec1
94b4.0fc6.6f24
94b4.0fc6.6f5e
94b4.0fc6.6f16
94b4.0fc6.6f74
94b4.0fc6.6e5c
94b4.0fc6.61a6
000b.86da.d900
108c.cf57.9a40
00c0.b7a1.01d3
f80f.416c.bc34
4ccc.6a50.ccce
f80f.413e.e37f
c89c.dc26.3a34
4ccc.6a50.cdf8
0001.6cda.803d
1078.d276.7117
4ccc.6a50.cd7a
4ccc.6a50.cd61
4487.fcfd.ba6e
00c0.b7a1.01d6
4ccc.6a50.cd67
4ccc.6a50.e0f2
1078.d2f0.7fd0
68f7.2847.907c
54e1.ad6d.45eb
c89c.dc5b.92ce
4ccc.6a50.cd88
4ccc.6a50.cd7f
0023.2455.6fa5
8c89.a5bc.9066
f80f.410a.9883
4ccc.6a50.cde9
4ccc.6a50.cc7e
c89c.dcfa.f8a3
4ccc.6a50.e59b
4ccc.6a50.e593
4ccc.6a50.cdcc
1078.d2a5.7241
f80f.416c.bc50
8c89.a579.1daa
4ccc.6a50.cd79
4ccc.6a50.cd6b
4ccc.6a50.dfd6
4487.fcd2.5fa1
f80f.4193.60c8
4ccc.6a50.d0c3
f80f.416b.b5b6
0001.6cda.9f0c
4ccc.6a50.cd74
4437.e600.46ea
4ccc.6a50.e59a
c89c.dc5b.92ce
4ccc.6a50.cdf9
3417.eba4.057c
4ccc.6a50.cd6e
90fb.a615.21a6
c89c.dc3c.bc5a
4ccc.6a50.e106
4ccc.6a50.cde4
c89c.dc32.5701
8c89.a579.366f
f80f.4128.d51b
4ccc.6a50.d549
0026.2d24.2d51
4ccc.6a50.d535
c89c.dce4.7854
c89c.dc5b.92ce
0001.6cda.9f14
90fb.a616.74c1
4ccc.6a50.cd07
4ccc.6a50.cd95
4ccc.6a50.cde1
4ccc.6a50.cd76
0001.6cda.a149
4ccc.6a50.cd6a
0021.b716.ebe6
101f.74f6.1796
4ccc.6a50.cddc
1078.d276.1e4b
4ccc.6a50.cd5a
0001.6cda.b2f2
f80f.4124.9312
4ccc.6a50.dfcd
4ccc.6a50.cdf1
4ccc.6a50.cdeb
4ccc.6a50.cd8a
4ccc.6a50.cd7b
4ccc.6a50.e0fe
4ccc.6a50.d211
1078.d2c0.5d8d
f80f.414d.f874
4ccc.6a50.cd49
8c89.a592.3e9f
d43d.7e21.2ae0
4ccc.6a50.d53f
507b.9d6e.3e0c
54e1.ad6e.5a55
4ccc.6a50.dfca
0001.6cda.9f10
0001.6cda.8fe7
4ccc.6a50.cd86
4ccc.6a50.d0ba
c89c.dc31.b7a2
4437.e6c8.d7de
507b.9ddd.4c7e
9890.96e3.8cee
1078.d2f1.742b
4437.e600.a3e0
2c59.e5bc.192e
c85b.767e.9186
4ccc.6a50.ce07
68f7.2855.f829
507b.9d9d.9861
4ccc.6a50.cde6
0001.6cd8.eddc
4ccc.6a50.cd69
0004.f2e7.26b9
4ccc.6a50.cdf6
4ccc.6a50.cd71
4ccc.6a50.d541
30e4.db80.f7b3
108c.cf57.9a40
108c.cf57.9a40
0040.5805.9c1e
0020.4abe.ba6f
0023.2454.83c6
8c89.a5b9.4b46
8c89.a578.0ed7
0004.0d01.fb20
c89c.dc36.0855
68f7.282a.ffc4
4487.fcd0.fe4d
d43d.7e21.08be
4487.fcfd.b9a6
1078.d276.6f96
8c89.a592.7683
c89c.dc5b.92a7
1078.d2ec.d7d2
54e1.ad83.38da
54e1.ad6e.6069
c89c.dc3a.f2bb
c89c.dc5b.92a7
101f.74ea.cbf2
507b.9dea.c360
c89c.dce4.b659
e411.5b3f.c32a
8c89.a539.c6d8
54e1.ad6e.59d2
68f7.282a.ff6e
54e1.ad6e.5a4e
54e1.ad6d.48dd
1078.d2ac.1334
c89c.dcfa.f940
1c66.6d92.be49
8c89.a539.cbf4
1078.d2ac.8ae7
108c.cf57.9a40
0040.5808.7a42
0040.5808.b34b
0040.5808.f215
0020.4ac7.528e
0020.4ab0.673e
1078.d2f2.78bc
c89c.dc31.fc8a
2c41.3816.2b2e
000c.b502.0118
4ccc.6a50.cd8d
f80f.4164.52f1
687f.74d9.f1c7
0004.1330.6414
00d0.cf12.3271
1078.d2f0.8217
00d0.cf11.4d2e
4ccc.6ac6.b369
54e1.ad6d.48e7
5c26.0a46.5e1a
1078.d2ef.7a41
4437.e687.288d
4ccc.6ac6.b35e
30e4.db80.6e5b
e411.5b3f.83f5
30e4.db80.6e3e
5c26.0a0f.af0f
00d0.cf15.df55
c89c.dcfa.f7d9
68f7.2834.a505
54e1.ad6e.59d7
ace2.d307.908c
a0b3.cc25.de42
68f7.2855.f31a
e411.5b3f.c3fb
c89c.dc3a.f375
2c41.380e.8372
28d2.44fc.0304
ace2.d307.9174
5c26.0a07.1927
ace2.d307.8f17
3c97.0e3a.cbc6
0060.350c.fbb6
4ccc.6a50.cd73
ace2.d307.8ecd
3c97.0e29.f4a5
c89c.dc31.fe19
54e1.ad6e.5e44
c89c.dc5b.9250
c85b.7642.4e4d
54e1.ad6e.5b3d
f80f.4164.4fe6
f80f.418e.95a4
8c89.a5f6.925c
c80a.a97b.eb54
ace2.d307.8fba
50cd.22b5.ac58
f80f.4193.c80c
c81f.66a9.71fb
90fb.a605.b21d
f80f.412f.0560
4487.fca4.0ee5
507b.9dcd.1c77
4ccc.6a50.cd80
1cdf.0f4a.227f
ace2.d307.8e52
e05f.b981.e0cb
ace2.d307.8ea4
0020.4ae5.d216
0020.4abb.f780
0020.4ae5.347e
0020.4ae5.3461
0040.5808.f06a
0040.5808.b394
0020.4ad2.ca2f
108c.cf57.9a40
0016.c7ca.857f
c89c.dce4.b722
8c89.a5bc.b68a
f430.b971.1e50
c89c.dce4.7f72
8c89.a592.7732
58bf.ea11.67ff
c89c.dc35.f443
4437.e6c1.dc8b
0021.86fa.7209
c89c.dc36.0801
4487.fccd.7cca
4437.e6c8.f55d
0006.6720.6852
7020.8400.13db
8c89.a539.c793
c89c.dc3c.f5aa
28d2.44fc.07f3
c89c.dc31.ba9a
c89c.dc5b.93dd
c89c.dcfa.f871
4ccc.6a14.b784
1078.d2ac.89fd
4487.fcd2.5f89
c89c.dcfb.65f4
f8b1.56b2.c0d2
1078.d2fb.b282
c89c.dc3b.d087
c89c.dc31.b7d2
0011.0afc.a748
8c89.a579.2861
0020.4abe.cd29
a44c.119e.4193
4487.fcfd.00b8
c89c.dc59.be11
c89c.dc31.b886
8c89.a579.1d5d
c89c.dce4.b648
8c89.a53c.abed
4487.fcfc.ff67
4487.fccb.3ab3
1078.d2fb.b246
4ccc.6a14.c328
c89c.dc34.a6af
c89c.dc31.b7de
c89c.dc22.4920
68f7.2834.8f67
4487.fcfd.ba8d
1078.d271.2f98
4ccc.6ac6.b34d
90fb.a606.3b5b
d43d.7e3c.ec9e
1078.d276.70e6
c89c.dc36.0719
4ccc.6a14.b6c4
1078.d2fb.b246
8c89.a592.3ea5
1078.d273.ff98
1078.d2fb.afdc
8c89.a5b9.4be4
4ccc.6a16.ab20
507b.9dc0.adbf
8c89.a53c.600f
90fb.a615.2266
c89c.dc22.4361
8c89.a577.f5f2
507b.9dea.63a9
7020.8404.2b98
1078.d2fb.b0e9
c89c.dc31.b886
90fb.a616.755a
649e.f376.56ca
0023.24ad.be95
c89c.dc34.a6af
c89c.dc3c.9a5a
c89c.dce4.b31c
c89c.dc34.fa57
4ccc.6a3f.69d7
c89c.dc3c.bc91
c89c.dc7d.c623
f430.b971.2e60
0001.6cda.f9f9
0040.5808.b400
108c.cf57.9a40
0001.6cda.24a9
4ccc.6a50.cd75
108c.cf57.9a40
0050.5681.7b2e
4437.e699.c65c
1078.d2fb.aee5
0050.5681.0d38
0011.0917.6549
0050.56af.4755
0050.5681.283d
54e1.ad6e.59a5
507b.9db2.386c
c85b.7622.4598
68f7.2834.a2bd
4437.e699.c57d
68f7.283b.b99a
0021.86fa.c6f3
4437.e699.c58a
0050.5681.6e85
3c52.82c1.6076
108c.cf57.9a40
108c.cf57.9a40
0016.c783.01bf
0007.7d68.05bf
0026.cb40.1640
68bd.ab2f.c640
ecc8.82a6.1b40
0016.c7ca.84ff
0016.c7ca.857f
a418.75db.61c0
0008.3040.6440
203a.071e.c4c0
1833.9d85.c140
0008.3095.a1c0
203a.0701.bf40
203a.0701.b2c0
44e4.d970.b1c0
88f0.31b3.c868
a44c.1175.42b0
c89c.1d60.94ff
c40a.cbee.86c0
a456.3084.be40
000d.5d0c.deb9
00c0.b7b8.9901
00c0.b7b8.9886
00c0.b79b.917a
00c0.b79b.9625
00c0.b79b.9662
00c0.b79b.923f
00c0.b7e8.4d3b
00c0.b7e8.4d3d
0c27.24c8.c0c0
547f.ee2f.a2c1
547f.ee1e.b5fc
000d.5d06.de35
0016.c783.01ff
e8b7.4819.bcb9
e8b7.4819.8cb9
c47d.4f3a.63ab
c47d.4f3a.6204
c47d.4f3a.fa91
c47d.4f3a.5f86
30f7.0d92.58dc
6073.5c47.91d3
7081.0506.fc77
c47d.4f3a.fabc
c47d.4f3a.fa0c
e8b7.48d6.df58
e8b7.48ac.18a8
c47d.4f3a.6382
30e4.dbd9.312c
44a8.420f.bfa3
44a8.420e.9d1f
a036.9f25.ef30
0000.0c07.ac6f
0016.c783.01ff
0016.c783.01bf
108c.cf57.9a40
0050.566a.404e
0050.5669.d41b
0050.5665.8e3c
0050.5665.04ae
0050.566d.3f11
0050.5663.c6fb
0050.5662.c669
0050.5667.e5b2
0050.566a.0c3e
0050.566e.2be4
0050.5660.2a1d
0050.566e.2db2
0050.566a.749d
a036.9f25.ef30
0000.0c07.ac0c
0016.c783.01ff
108c.cf57.9a40
0024.9750.47c6
0024.9796.1072
0024.9796.14dc
0024.9796.1074
d48c.b5c9.6ca8
d48c.b5c9.6ee2
a036.9f25.ef30
0000.0c07.ac73
0016.c783.01ff
0016.c783.01bf
108c.cf57.9a40
0050.5660.66ad
0050.5661.b419
0050.5664.acfb
0050.566f.d02f
0050.5666.7a74
0050.566e.f5ea
0050.5662.4abe
0050.5666.0871
0050.5660.e48f
0050.5664.bc9e
0050.5662.974a
0050.5660.731f
0050.5668.ded2
02a0.984f.74e4
02a0.983b.ed20
a036.9f37.15b6
0000.0c07.ac14
0016.c783.01ff
0016.c783.01bf
108c.cf57.9a40
001a.6498.5ab8
001a.6498.5ab8
0014.5e15.7a5f
f01f.afe6.72f7
0050.56a7.004d
0014.5e15.7a61
001a.649c.56ab
e05f.b981.e0a9
0050.56a7.0047
0050.56a7.00e4
000f.d359.c2ee
000f.d359.c346
000f.d359.c312
a036.9f25.ef30
108c.cf57.9a40
a036.9f25.ef30
108c.cf57.9a40
0050.56af.2e39
1c98.ec0e.aac4
9418.8238.40dc
1c98.ec0e.aac4
6805.ca44.e72b
6805.ca44.da12
6805.ca44.da02
6805.ca44.d5fe
98e7.f409.8a2b
085b.0e96.f920
1c98.ec0e.aac6
9418.8238.40de
0020.4ae5.865a
a036.9f25.ef30
2c3e.cf95.eb41
0027.e3e3.fbe5
0027.e3e3.fd89
108c.cf57.9a40
108c.cf57.9a40
0050.56a7.00ef
0050.5681.6e63
00a0.984f.74ea
00a0.983b.ed26
00a0.981c.a193
00a0.981c.a0a3
00a0.984f.74e8
00a0.983b.ed24
0000.0c07.ac0b
0016.c783.01ff
0016.c783.01bf
0050.56a7.0016
a4ba.db08.318b
0050.56af.5d59
0050.56af.0928
0050.56af.3262
0050.56af.73ec
0050.56a7.00cf
0050.56a7.00dc
0050.56a7.00ee
782b.cb64.2bcf
0050.56a7.0081
0050.56a7.000c
782b.cb64.2bcf
0010.1870.b76c
0050.5681.416b
0050.56a7.0010
0050.56a7.0011
0050.56a7.0008
0050.56a7.004e
0050.56a7.0006
0050.56af.6494
0050.56a7.00bd
0050.56a7.000f
0050.56a7.004a
0050.56a7.0039
0050.56af.669a
0050.56a7.001c
0050.56a7.0030
02bf.41c7.fed2
02bf.41c7.fed2
0050.56a7.008a
02bf.41c7.fed2
001a.64c3.709c
0050.56a7.0000
0050.56af.0373
0050.56af.0ae1
0050.56a7.00a3
78e7.d17d.b50e
0050.56a7.0017
001a.a18e.a527
0050.56a7.004c
0023.ebf5.f92a
0050.56a7.00ac
0014.5e32.4d36
0050.56a7.00a4
0050.5681.0bb1
0002.a520.3fb8
aa00.0400.0a04
aa00.0400.0b04
aa00.0400.0404
aa00.0400.0604
aa00.0400.0304
0050.56a7.00f2
0050.56a7.005e
108c.cf57.9a40
a036.9f25.ef30
