0007.4d71.4339
0010.4052.68eb
f092.1ce9.bb2c
c0ea.e47c.c80d
0000.0c07.ac05
0010.4052.68ed
0060.6d22.29ad
00d0.2bbe.8d00
f092.1ce9.ff72
0022.641a.c218
ec8e.b527.8e02
00e0.8616.5f20
00d0.2bda.bf80
a048.1c77.2c89
0050.569b.0674
484d.7e9c.bc8c
0023.249d.5117
0040.8c43.4676
0050.569b.0673
f092.1ce3.5456
0007.4d71.fac8
0007.4d71.f62d
f092.1c60.5c67
0050.569b.066e
f092.1ce3.53dc
8851.fb5b.fe37
0050.569b.0672
0023.2465.13ea
9cb6.5419.172d
0060.6d22.29ab
0050.569b.0670
d4c9.eff1.d1eb
0060.6d22.32bf
a8bd.27c3.29bc
ec8e.b5bd.7df4
0010.4052.12e6
0023.2465.140a
f4ce.4634.26fc
a048.1c7b.993b
7c0e.ceea.2573
98e7.f4a3.4b70
a08c.fd14.de91
f4ce.46b9.71b0
f092.1ce7.3850
0026.7331.54a6
0000.74fb.8795
0023.2465.0fce
8851.fb71.0657
3cd9.2ba3.d3ef
009c.029b.290a
4ccc.6a3a.786a
24be.0512.f22b
2c41.38ab.7302
9cb6.5419.2585
d0bf.9cbd.ad49
a08c.fd14.de3a
0026.730b.b100
ace2.d301.5eac
0023.2465.13a1
0023.2465.1414
4439.c450.9dd2
ec8e.b5bf.a743
0023.2465.1281
f092.1ce9.ff5a
8851.fb56.8215
0010.4052.2a5e
4ccc.6a3a.891c
ace2.d301.63d6
0007.3239.b839
f092.1cdf.ed49
0023.2465.126b
0023.2465.1278
2c41.38b2.8651
f092.1cf4.bf6f
e839.353c.19e2
0021.5a91.1bc5
0007.b402.2601
0050.56ad.42fd
0040.8c10.82ec
082e.5f00.29bb
00d0.2bbe.8d00
a45d.365d.3948
e839.353f.0060
0010.4052.7073
00d0.2bda.bf80
0040.8c38.c08c
2c41.38b5.3d09
0007.4d79.71c5
0060.6d22.29b0
2c33.1151.52dd
0024.6cc8.ffed
fc15.b42d.9a4b
082e.5f08.c211
0007.4d6e.16f5
2cd0.2d12.e7fd
00e0.9e06.7a69
0010.4052.0fab
b863.4df1.b223
082e.5f6a.aee6
24e9.b3ad.b7c1
f092.1ce3.5420
1060.4b8a.b005
a048.1c6c.1a56
0007.4d71.fc85
f092.1ce0.a0e2
3c08.f649.be41
c85b.76d2.8c79
0007.4d6e.1312
0060.6d22.3382
0007.4d71.43f9
000e.c501.1c4e
0002.991b.8340
0023.2465.1288
0007.4d6e.1546
4439.c452.0ca1
c85b.7633.f69e
b863.4df1.b214
0023.2465.126f
0007.4d71.01e3
0023.2464.d098
a08c.fd63.9bed
0007.4d7b.99b4
24be.0512.f23b
ec8e.b5bf.87f1
f092.1ce9.bb30
0007.4d72.50c5
4ccc.6a3a.78b8
0023.2465.1462
4ccc.6a50.ca64
0050.56ad.7489
f430.b924.f1be
0007.3239.a30b
0050.56ad.4a22
0007.4d7a.9ff2
0007.4d7a.5e94
b863.4df3.80bb
28d2.446a.bd8a
3c52.8229.e735
f092.1ce0.9fac
0007.4d7a.9fbf
f092.1ce7.3851
0023.2465.1337
f092.1cdf.ed8a
0000.0c07.ac64
0010.4052.12e5
0007.4d7a.a06a
0010.4052.0fac
2c41.38b5.3d1d
28d2.44fb.f895
4ccc.6a3a.785f
0010.4052.12a1
0023.2465.13d1
ec8e.b5bd.6dd9
0006.6728.6902
a0d3.c17e.34f4
4ccc.6a3a.788a
f092.1ce9.bb1d
9cb6.541a.89f6
4ccc.6a3a.7820
b45d.50cf.faac
0023.2464.fac2
ace2.d301.5f23
0007.4d71.43a6
0050.56ad.1b52
0007.4d71.0471
0007.3239.a235
ace2.d301.634f
8851.fb6f.c9ea
0023.249d.5609
0007.4d71.f932
0010.4052.1246
0050.56ad.6b61
0007.4d71.f980
2c41.38b2.8866
e839.3501.f7cb
0007.4d71.f45e
f092.1cdf.ed6a
e839.3501.5807
0007.4d71.6b61
0050.56ad.6f67
0050.5683.7e33
7446.a098.5028
0007.4d71.fb05
a048.1c7b.99f3
f092.1c62.e123
e4aa.5d14.19f4
fc15.b42d.b110
e4aa.5d13.b128
0023.2465.0145
a048.1c6c.e9b7
0023.2465.13b4
a048.1c6c.24a4
4439.c450.9c94
001c.23b7.5eeb
0050.569b.0673
0010.4052.12a4
a048.1c6b.0a10
0019.bbe6.2ca7
e839.3500.5a37
0050.56ad.61f6
0050.569b.0674
0050.56ae.4b07
0007.4d71.c314
a048.1c7b.99e6
0007.4d71.48f7
0017.a445.7844
4ccc.6a39.e533
0022.64cc.b490
1864.72ca.89c6
f092.1ce0.a217
b4b5.2fc5.8a3b
a0d3.c17f.b847
1060.4b8a.b0d2
0010.4052.7075
0023.7d5e.560e
0007.4d6e.1338
0010.4052.12e4
0007.4d71.44ac
0023.7d5e.54d8
0007.4d71.f26d
0023.7d5e.59a6
f48c.5085.891e
f092.1cdf.ec9b
0007.4d71.fd37
0023.7d5e.bd96
4439.c450.9c98
0007.4d71.fbb1
0010.4052.143c
0007.4d6d.c15f
0010.4052.7074
0050.56ad.134c
0007.4d6e.1b3e
0010.4052.2a5b
0007.4d71.fac3
0023.2465.127b
a048.1c7b.99f2
f092.1cdf.ecaa
f4ce.4649.4dfd
0050.566d.38c4
0016.3ed3.762d
0060.1635.adfe
f092.1cdf.edd3
a08c.fd62.f518
ec8e.b5bf.45c3
0050.566e.a100
0005.1eb4.d08f
00ca.fe02.4073
0007.4d6e.190b
0010.4052.143b
f092.1ce3.516e
f092.1ce3.5478
f4ce.4648.c0e2
0017.a445.7847
e41f.132c.0a92
0024.6cc9.0259
2c61.f64e.995c
1060.4b5b.3319
f092.1cdf.ecc2
0023.24a6.5ea6
0000.74fb.9af5
ccf9.54ad.66e7
0060.1635.8eab
0023.2464.8976
c85b.76d2.913d
4ccc.6a3a.7864
4439.c452.0ca8
801d.aa40.8290
4ccc.6a79.dd9f
2c41.38ab.7345
98e7.f4ff.11e8
00ca.fe41.4470
e4aa.5d13.b12e
2c41.38ab.eb95
e4aa.5d14.19fa
00ca.fe29.5521
4ccc.6a3a.9369
1060.4b8a.6c0f
8851.fb67.09de
a0d3.c184.290e
0023.249e.1274
0023.249e.1298
0007.4d6e.1359
0030.6e1c.0029
4ccc.6a39.e796
b863.4df2.ca2e
0010.4052.12a2
0007.4d71.4cc3
0023.249d.5094
0005.1eb4.c849
00d0.2bda.bf80
f092.1cf3.9b26
0007.4d71.431a
b4b5.2fb1.2bed
e41f.1343.3f66
0030.6e28.c740
a048.1c68.e43a
0007.4d71.fbd0
0050.569b.066e
0050.56ae.18c2
6c3b.e50e.8568
0060.69c0.1b82
0050.56ae.6360
e4a4.714d.c81c
4ccc.6a3a.787b
0060.69c0.093f
0050.569b.0672
00e0.db11.a006
0001.f000.12fc
0050.569b.0670
6c3b.e50e.856f
6c3b.e53b.b28f
1060.4b85.b0f0
0030.6e2b.de5f
0030.6e28.77b9
a0d3.c1e6.0683
9c8e.9987.d36d
0050.5683.63e1
a0d3.c184.f84c
0050.569b.11d9
0026.7331.8dbc
0023.2465.0ae7
0019.b9d4.6852
0050.5664.8f3e
00d0.2bda.bf80
c8d3.ff0c.9cb4
d8d3.8580.2b04
0010.4052.125b
ac16.2d00.8bc7
0007.4d6e.1803
98e7.f4ff.11b9
0019.bb2f.4515
0023.24a6.5ea7
4ccc.6a39.e793
a048.1c77.977d
0020.4a67.b47d
2c41.38ab.eb58
4439.c450.9cbe
0014.5e96.9192
0000.0c07.ac28
0010.4052.12a3
4ccc.6a79.d776
f092.1ce0.a189
28d2.446a.bd43
0090.0b23.99c0
0007.4d6e.1329
0030.6e38.4e83
00d0.2bda.bf80
2c41.38ab.eb67
0030.6e22.e638
00d0.2bbe.8d00
0050.5683.6425
0060.6d22.2d27
0060.6d22.334b
f092.1cf3.9b3d
f092.1ce9.ff89
f4cf.e24c.a636
0006.6728.5cd4
f092.1cf3.9b6d
0023.24a6.9277
0040.5806.2e55
0040.5806.1fe9
0010.4052.125d
f092.1ce3.53d7
4439.c450.9ddc
0040.5806.34f0
0060.6d22.29b9
0040.5806.2009
000e.b675.7290
f092.1ce0.a100
0060.6d22.32ba
000e.b66c.8120
f092.1ce9.bb24
0060.6d22.299a
0023.2465.13b3
0060.6d22.32d7
009c.02a0.1ea2
a01e.0b08.ba3f
18a9.0569.353c
f092.1cdf.ed66
009c.02a0.20f0
f092.1ce7.3884
0060.6d22.3600
fc15.b42d.aa50
00d0.2bbe.8d00
0010.4052.0f72
28d2.44fb.f300
ace2.d301.637b
2c41.38ab.7307
00d0.2bbe.8d00
082e.5f08.c22f
f092.1ce0.a1a5
0000.0c07.ac66
f092.1ce0.a19e
0023.249d.55ce
0000.0c07.ac67
881d.fc75.b3f1
f092.1cdf.ecdc
f092.1cdf.ed72
0007.4d6e.1781
f092.1ce3.50f5
00d0.2bda.bf80
082e.5f1c.ff21
00d0.2bda.bf80
ace2.d301.6348
4439.c452.0c8c
0010.4052.0f71
f092.1ce9.ff69
0007.4d6e.18a4
2c54.2dd8.6ec1
ace2.d301.5f19
f092.1cf3.9b31
5835.d9b7.e942
00d0.2bda.bf80
6400.6a6a.1478
ace2.d301.637e
1060.4b8a.b003
b45d.50cf.fc8e
ccef.482b.f241
204c.031c.294c
5cc5.d402.fe5e
4ccc.6a3a.787f
5835.d9b7.e943
b862.1fc3.ee41
4ccc.6a79.ddb6
5835.d9b7.e941
00d0.2bbe.8d00
00d0.2bbe.8d00
0010.4052.143e
b862.1fc3.ee42
00d0.2bda.bf80
2c41.38ab.736b
7c7a.918c.a235
a0b3.ccf9.2e73
b862.1fc3.ee43
0000.0c07.ac40
0010.4052.2a5c
6c0b.8493.7ffc
0023.7d5e.54d0
0023.7d5e.599e
0023.2465.1253
4439.c450.9de1
f092.1ce0.a04d
0023.7d5e.bd8e
7446.a0ae.b1a7
0010.4052.1243
0023.24a6.9284
2c44.fd13.9933
001f.29ef.2ecc
f092.1ce3.5431
0021.5aeb.d838
4ccc.6a3a.781d
4ccc.6a3a.781e
24be.0512.f10d
0021.5acb.7caa
0010.4052.0fae
0010.4052.0fc3
24be.0513.c6ff
0021.5aec.f3d2
0010.4052.125c
ace2.d301.6367
0024.21ae.1382
f092.1ce7.3892
0024.21ae.12ea
a048.1c7b.99d0
0023.249d.5142
0024.21ae.16ea
0024.21ae.137e
1864.72c7.47f0
0080.a3b6.7dac
0019.bb30.941e
0023.249d.5158
4ccc.6a39.e7c1
001e.caf8.b8bb
28d2.44fc.047c
4439.c48e.ec39
0019.b9c2.49ff
4ccc.6a79.dde4
f092.1ce7.3852
4439.c450.9ce9
0019.bb30.941e
ace2.d301.5f25
f092.1ce9.ff3f
001c.2c61.8b43
0010.7f3f.ece2
b499.bae9.10d3
1864.72ca.89d4
2c41.38ab.735c
001c.2c61.8c6f
5c26.0a46.6149
0060.6d22.2d03
ac16.2d13.3882
001c.2c61.8b34
ace2.d301.6357
6c3b.e50d.c4eb
f092.1cdf.ecad
001c.2c61.8c98
1060.4b8a.b0cb
1060.4b8a.aff5
1098.36a4.f499
0023.2465.1341
2c41.38ab.72c6
001c.2c61.8c5c
001c.2c61.8c47
009c.029b.1a3a
ace2.d301.5ef6
6c3b.e50c.4cc1
0060.6d22.3520
001c.2c61.7d9c
2c41.38b2.8813
1060.4b8a.69ea
0007.4d7a.a0f8
f092.1cdf.ed6b
0060.6d22.35fd
6c3b.e53b.b28a
009c.029b.2912
0024.6cc9.0246
24be.050f.7c28
0060.6d22.3601
c85b.76d2.8c87
000e.1113.65de
0023.2465.13b5
4439.c450.9dab
009c.029f.fd32
0023.7d5e.5606
c85b.7633.ed72
ace2.d301.5eeb
1060.4b8c.a77d
624b.3155.2b04
b863.4df4.0bdb
8a54.fac4.0004
6c3b.e50d.c57c
624b.3e82.9304
0010.4052.1244
00a0.e723.c307
f092.1ce9.bb2f
00a0.e723.b54c
d48c.b5cc.add5
a0b3.ccf9.2e75
54e1.ad12.6df9
0023.2465.0171
0014.5ee8.3369
0006.6728.6904
0023.2465.0141
f092.1ce9.baf0
4403.a742.b49a
0014.5ee8.0499
1060.4b5b.330d
0021.5e79.e5c4
f092.1ce3.54c2
18a9.052b.6f85
f092.1ce9.ff46
0014.5ee8.06f5
0014.5ee8.a4c5
f092.1ce7.3881
f092.1ce9.b9c6
4ccc.6a39.e770
18a9.0569.3536
0021.5ea3.71c8
f092.1ce0.a0d7
f092.1ce0.a209
7446.a0ae.7b91
0021.5ea3.71d4
0021.5ea3.71c4
0023.2465.13df
0060.6d22.32b8
0025.b3e2.8b10
0021.5ea3.71c2
1060.4b5b.330f
1060.4b8a.6c03
0014.5ee8.0499
f092.1cdf.ed87
4ccc.6a79.d378
0004.23e4.2d76
f092.1ce9.ff66
0023.249e.124d
00e0.815c.2a94
4ccc.6a79.ddaa
f092.1ce0.a208
0023.249d.5744
6400.6a6a.1472
6c3b.e50e.84a1
18b1.6913.7c65
f092.1ce9.ff87
18b1.694d.d84d
24be.0512.ca25
4439.c450.9cb6
4ccc.6a39.e786
1060.4b68.5d7b
8a54.f3e4.1304
f092.1ce0.a1fd
0040.5805.f139
624b.3e82.9304
4439.c450.9df1
0021.5ea4.7464
1864.72ca.89ee
0023.2465.132e
f092.1ce0.a0e1
0021.5ea4.7462
e8b1.fce8.7425
f092.1ce3.54b3
0021.5ea3.c1c4
0023.2465.1476
0007.3239.a257
0040.5806.1fa0
0021.5ea3.c1c2
2c41.38ab.7333
0010.4052.68ec
ace2.d301.5f1b
0023.2465.0107
8a54.f3e4.1304
0023.2465.12c3
001c.2c61.8b3e
0023.7d60.c880
000e.83a0.6aff
00d0.2bda.bf80
001c.2c61.8c58
000e.83a0.617f
00d0.2bbe.8d00
0023.7d60.c878
0023.2465.1283
001c.2c61.8c9a
000d.65ac.063f
00d0.2bda.bf80
6c41.6a77.9b3f
001c.2c61.8c4b
0000.0c07.ac1e
18a9.0569.353a
6c0b.8443.2e04
001c.2c61.8c26
000e.d714.9c80
0010.4052.0f70
e839.3501.5807
000e.388c.bcff
00d0.2bbe.8d00
0000.0c07.acdc
001c.2c61.8c45
f092.1cdf.eae2
000e.83a0.b9ff
00d0.2bda.bf80
f092.1ce0.a17e
0023.2465.010d
3c08.f6da.d13f
001c.2c61.8c6a
00d0.2bbe.8d00
0000.0c07.acd2
2c41.38b2.885e
8851.fb69.7bab
4ccc.6a3a.7866
8a54.fac4.0005
00d0.2bda.bf80
000b.8664.8f30
b4b5.2fba.e4e6
0006.6728.6905
0000.0c07.ac78
0010.4052.2a5d
e839.3501.5807
624b.3e82.9305
00d0.2bbe.8d00
0025.9038.c659
f092.1cdf.ed45
009c.02a0.1e9a
00d0.2bda.bf80
e8b1.fc13.51d7
0000.0c07.ac6e
001c.2c62.bcab
8851.fb5e.ae98
4055.39d7.1e3f
8a54.f3e4.1305
ace2.d301.6347
f092.1ce3.5444
00d0.2bbe.8d00
0080.a3a2.8b39
f092.1ce7.387c
4439.c452.0c9d
00d0.2bda.bf80
00d0.2bda.bf80
28d2.44c2.b438
0000.0c07.acff
00d0.2bbe.8d00
4ccc.6a50.dea0
00d0.2bbe.8d00
0010.7f56.7205
0004.f2f4.4230
0000.0c07.acff
e839.3547.a640
0050.5683.2824
0023.2465.13d0
0010.4052.1245
e8b1.fc13.51eb
a048.1c7b.99ec
4ccc.6a3a.78b5
0025.b3e2.8b16
4ccc.6a39.e7d0
e839.353f.01c5
0025.b3e2.8b0e
0026.5500.51f5
0023.2465.147a
0025.b31e.2948
0023.2465.127d
0025.b31e.2940

